Start testing: Jul 14 22:57 -03
----------------------------------------------------------
1/1 Testing: LinkedList_gtest
1/1 Test: LinkedList_gtest
Command: "/home/lmint-vm/Desktop/Workspace/C/Unit_Testing/Data_structures/build/tests/LinkedList_test"
Directory: /home/lmint-vm/Desktop/Workspace/C/Unit_Testing/Data_structures/build/tests
"LinkedList_gtest" start time: Jul 14 22:57 -03
Output:
----------------------------------------------------------
[==========] Running 1 test from 1 test suite.
[----------] Global test environment set-up.
[----------] 1 test from LinkedListTest
[ RUN      ] LinkedListTest.AddingNodes
[       OK ] LinkedListTest.AddingNodes (0 ms)
[----------] 1 test from LinkedListTest (0 ms total)

[----------] Global test environment tear-down
[==========] 1 test from 1 test suite ran. (0 ms total)
[  PASSED  ] 1 test.
<end of output>
Test time =   0.00 sec
----------------------------------------------------------
Test Passed.
"LinkedList_gtest" end time: Jul 14 22:57 -03
"LinkedList_gtest" time elapsed: 00:00:00
----------------------------------------------------------

End testing: Jul 14 22:57 -03
